Determining if the pthread_create exist failed with the following output:
Change Dir: /home/gary/indigo_workspace/project1/build/CMakeFiles/CMakeTmp

Run Build Command:/usr/bin/make "cmTryCompileExec3701007988/fast"
make[1]: Entering directory `/home/gary/indigo_workspace/project1/build/CMakeFiles/CMakeTmp'
/usr/bin/make -f CMakeFiles/cmTryCompileExec3701007988.dir/build.make CMakeFiles/cmTryCompileExec3701007988.dir/build
make[2]: Entering directory `/home/gary/indigo_workspace/project1/build/CMakeFiles/CMakeTmp'
/usr/bin/cmake -E cmake_progress_report /home/gary/indigo_workspace/project1/build/CMakeFiles/CMakeTmp/CMakeFiles 1
Building C object CMakeFiles/cmTryCompileExec3701007988.dir/CheckSymbolExists.c.o
/usr/bin/cc    -o CMakeFiles/cmTryCompileExec3701007988.dir/CheckSymbolExists.c.o   -c /home/gary/indigo_workspace/project1/build/CMakeFiles/CMakeTmp/CheckSymbolExists.c
Linking C executable cmTryCompileExec3701007988
/usr/bin/cmake -E cmake_link_script CMakeFiles/cmTryCompileExec3701007988.dir/link.txt --verbose=1
/usr/bin/cc       CMakeFiles/cmTryCompileExec3701007988.dir/CheckSymbolExists.c.o  -o cmTryCompileExec3701007988 -rdynamic 
CMakeFiles/cmTryCompileExec3701007988.dir/CheckSymbolExists.c.o: In function `main':
CheckSymbolExists.c:(.text+0x16): undefined reference to `pthread_create'
collect2: error: ld returned 1 exit status
make[2]: Leaving directory `/home/gary/indigo_workspace/project1/build/CMakeFiles/CMakeTmp'
make[1]: Leaving directory `/home/gary/indigo_workspace/project1/build/CMakeFiles/CMakeTmp'
make[2]: *** [cmTryCompileExec3701007988] Error 1
make[1]: *** [cmTryCompileExec3701007988/fast] Error 2

File /home/gary/indigo_workspace/project1/build/CMakeFiles/CMakeTmp/CheckSymbolExists.c:
/* */
#include <pthread.h>

int main(int argc, char** argv)
{
  (void)argv;
#ifndef pthread_create
  return ((int*)(&pthread_create))[argc];
#else
  (void)argc;
  return 0;
#endif
}

Determining if the function pthread_create exists in the pthreads failed with the following output:
Change Dir: /home/gary/indigo_workspace/project1/build/CMakeFiles/CMakeTmp

Run Build Command:/usr/bin/make "cmTryCompileExec1162968097/fast"
make[1]: Entering directory `/home/gary/indigo_workspace/project1/build/CMakeFiles/CMakeTmp'
/usr/bin/make -f CMakeFiles/cmTryCompileExec1162968097.dir/build.make CMakeFiles/cmTryCompileExec1162968097.dir/build
make[2]: Entering directory `/home/gary/indigo_workspace/project1/build/CMakeFiles/CMakeTmp'
/usr/bin/cmake -E cmake_progress_report /home/gary/indigo_workspace/project1/build/CMakeFiles/CMakeTmp/CMakeFiles 1
Building C object CMakeFiles/cmTryCompileExec1162968097.dir/CheckFunctionExists.c.o
/usr/bin/cc   -DCHECK_FUNCTION_EXISTS=pthread_create   -o CMakeFiles/cmTryCompileExec1162968097.dir/CheckFunctionExists.c.o   -c /usr/share/cmake-2.8/Modules/CheckFunctionExists.c
Linking C executable cmTryCompileExec1162968097
/usr/bin/cmake -E cmake_link_script CMakeFiles/cmTryCompileExec1162968097.dir/link.txt --verbose=1
/usr/bin/cc   -DCHECK_FUNCTION_EXISTS=pthread_create    CMakeFiles/cmTryCompileExec1162968097.dir/CheckFunctionExists.c.o  -o cmTryCompileExec1162968097 -rdynamic -lpthreads 
/usr/bin/ld: cannot find -lpthreads
collect2: error: ld returned 1 exit status
make[2]: Leaving directory `/home/gary/indigo_workspace/project1/build/CMakeFiles/CMakeTmp'
make[1]: Leaving directory `/home/gary/indigo_workspace/project1/build/CMakeFiles/CMakeTmp'
make[2]: *** [cmTryCompileExec1162968097] Error 1
make[1]: *** [cmTryCompileExec1162968097/fast] Error 2


